11:07:50.596 ERROR c.d.j.p.p.l.ShopTaskExceptionListenerImpl:28-java.lang.ClassCastException: $java.lang.Throwable$$EnhancerByCGLIB$$f07cb688 cannot be cast to java.lang.Exception
	at com.derbysoft.jtb.provider.processor.listener.ShopTaskExceptionListenerImpl.onException(ShopTaskExceptionListenerImpl.java:26)
	at com.derbysoft.jtb.provider.processor.listener.ShopTaskExceptionListenerImplTest.onException(ShopTaskExceptionListenerImplTest.java:25)
11:07:50.843  WARN c.d.j.p.p.t.DailyRateTranslator:39-cannot find RatePlanRoomType use key:GID_RoomPlanRoomType_W01,filed:ratePlan
11:07:50.922  WARN c.d.j.p.p.t.DailyRateTranslator:80-cannot find RoomPlan use key:GID_RoomPlan_W01,filed:ratePlan_roomCode
11:07:51.074  WARN c.d.j.p.p.t.PolicyTranslator:38-cannot find RoomPlanRoomType data use hotel[CHUW01],groupId[GID1],ratePlan[CHUHW0101TRP1DBL]
11:07:51.127 ERROR c.d.j.p.p.r.ChannelRepository:26-through groupId [GID] find channel failure
11:07:51.378 ERROR c.d.j.p.p.s.SaveToDstorageServiceImpl:44-java.lang.NullPointerException
	at com.derbysoft.jtb.provider.processor.service.SaveToDstorageServiceImpl.saveToDStorage(SaveToDstorageServiceImpl.java:38)
	at com.derbysoft.jtb.provider.processor.service.SaveToDstorageServiceImplTest.testSaveRoomStockToDStorageThrowException(SaveToDstorageServiceImplTest.java:61)
	at sun.reflect.NativeMethodAccessorImpl.invoke0(Native Method)
	at sun.reflect.NativeMethodAccessorImpl.invoke(NativeMethodAccessorImpl.java:62)
	at sun.reflect.DelegatingMethodAccessorImpl.invoke(DelegatingMethodAccessorImpl.java:43)
	at java.lang.reflect.Method.invoke(Method.java:498)
	at org.junit.runners.model.FrameworkMethod$1.runReflectiveCall(FrameworkMethod.java:50)
	at org.junit.internal.runners.model.ReflectiveCallable.run(ReflectiveCallable.java:12)
	at org.junit.runners.model.FrameworkMethod.invokeExplosively(FrameworkMethod.java:47)
	at org.junit.internal.runners.statements.InvokeMethod.evaluate(InvokeMethod.java:17)
	at org.junit.runners.ParentRunner.runLeaf(ParentRunner.java:325)
	at org.junit.runners.BlockJUnit4ClassRunner.runChild(BlockJUnit4ClassRunner.java:78)
	at org.junit.runners.BlockJUnit4ClassRunner.runChild(BlockJUnit4ClassRunner.java:57)
	at org.junit.runners.ParentRunner$3.run(ParentRunner.java:290)
	at org.junit.runners.ParentRunner$1.schedule(ParentRunner.java:71)
	at org.junit.runners.ParentRunner.runChildren(ParentRunner.java:288)
	at org.junit.runners.ParentRunner.access$000(ParentRunner.java:58)
	at org.junit.runners.ParentRunner$2.evaluate(ParentRunner.java:268)
	at org.junit.runners.ParentRunner.run(ParentRunner.java:363)
	at org.apache.maven.surefire.junit4.JUnit4TestSet.execute(JUnit4TestSet.java:53)
	at org.apache.maven.surefire.junit4.JUnit4Provider.executeTestSet(JUnit4Provider.java:119)
	at org.apache.maven.surefire.junit4.JUnit4Provider.invoke(JUnit4Provider.java:101)
	at sun.reflect.NativeMethodAccessorImpl.invoke0(Native Method)
	at sun.reflect.NativeMethodAccessorImpl.invoke(NativeMethodAccessorImpl.java:62)
	at sun.reflect.DelegatingMethodAccessorImpl.invoke(DelegatingMethodAccessorImpl.java:43)
	at java.lang.reflect.Method.invoke(Method.java:498)
	at org.apache.maven.surefire.booter.ProviderFactory$ClassLoaderProxy.invoke(ProviderFactory.java:103)
	at com.sun.proxy.$Proxy0.invoke(Unknown Source)
	at org.apache.maven.surefire.booter.SurefireStarter.invokeProvider(SurefireStarter.java:150)
	at org.apache.maven.surefire.booter.SurefireStarter.runSuitesInProcess(SurefireStarter.java:91)
	at org.apache.maven.surefire.booter.ForkedBooter.main(ForkedBooter.java:69)

11:15:16.143 ERROR c.d.j.p.p.l.ShopTaskExceptionListenerImpl:28-java.lang.ClassCastException: $java.lang.Throwable$$EnhancerByCGLIB$$f07cb688 cannot be cast to java.lang.Exception
	at com.derbysoft.jtb.provider.processor.listener.ShopTaskExceptionListenerImpl.onException(ShopTaskExceptionListenerImpl.java:26)
	at com.derbysoft.jtb.provider.processor.listener.ShopTaskExceptionListenerImplTest.onException(ShopTaskExceptionListenerImplTest.java:25)
11:15:16.391  WARN c.d.j.p.p.t.DailyRateTranslator:39-cannot find RatePlanRoomType use key:GID_RoomPlanRoomType_W01,filed:ratePlan
11:15:16.473  WARN c.d.j.p.p.t.DailyRateTranslator:80-cannot find RoomPlan use key:GID_RoomPlan_W01,filed:ratePlan_roomCode
11:15:16.617  WARN c.d.j.p.p.t.PolicyTranslator:38-cannot find RoomPlanRoomType data use hotel[CHUW01],groupId[GID1],ratePlan[CHUHW0101TRP1DBL]
11:15:16.670 ERROR c.d.j.p.p.r.ChannelRepository:26-through groupId [GID] find channel failure
11:15:16.912 ERROR c.d.j.p.p.s.SaveToDstorageServiceImpl:44-java.lang.NullPointerException
	at com.derbysoft.jtb.provider.processor.service.SaveToDstorageServiceImpl.saveToDStorage(SaveToDstorageServiceImpl.java:38)
	at com.derbysoft.jtb.provider.processor.service.SaveToDstorageServiceImplTest.testSaveRoomStockToDStorageThrowException(SaveToDstorageServiceImplTest.java:61)
	at sun.reflect.NativeMethodAccessorImpl.invoke0(Native Method)
	at sun.reflect.NativeMethodAccessorImpl.invoke(NativeMethodAccessorImpl.java:62)
	at sun.reflect.DelegatingMethodAccessorImpl.invoke(DelegatingMethodAccessorImpl.java:43)
	at java.lang.reflect.Method.invoke(Method.java:498)
	at org.junit.runners.model.FrameworkMethod$1.runReflectiveCall(FrameworkMethod.java:50)
	at org.junit.internal.runners.model.ReflectiveCallable.run(ReflectiveCallable.java:12)
	at org.junit.runners.model.FrameworkMethod.invokeExplosively(FrameworkMethod.java:47)
	at org.junit.internal.runners.statements.InvokeMethod.evaluate(InvokeMethod.java:17)
	at org.junit.runners.ParentRunner.runLeaf(ParentRunner.java:325)
	at org.junit.runners.BlockJUnit4ClassRunner.runChild(BlockJUnit4ClassRunner.java:78)
	at org.junit.runners.BlockJUnit4ClassRunner.runChild(BlockJUnit4ClassRunner.java:57)
	at org.junit.runners.ParentRunner$3.run(ParentRunner.java:290)
	at org.junit.runners.ParentRunner$1.schedule(ParentRunner.java:71)
	at org.junit.runners.ParentRunner.runChildren(ParentRunner.java:288)
	at org.junit.runners.ParentRunner.access$000(ParentRunner.java:58)
	at org.junit.runners.ParentRunner$2.evaluate(ParentRunner.java:268)
	at org.junit.runners.ParentRunner.run(ParentRunner.java:363)
	at org.apache.maven.surefire.junit4.JUnit4TestSet.execute(JUnit4TestSet.java:53)
	at org.apache.maven.surefire.junit4.JUnit4Provider.executeTestSet(JUnit4Provider.java:119)
	at org.apache.maven.surefire.junit4.JUnit4Provider.invoke(JUnit4Provider.java:101)
	at sun.reflect.NativeMethodAccessorImpl.invoke0(Native Method)
	at sun.reflect.NativeMethodAccessorImpl.invoke(NativeMethodAccessorImpl.java:62)
	at sun.reflect.DelegatingMethodAccessorImpl.invoke(DelegatingMethodAccessorImpl.java:43)
	at java.lang.reflect.Method.invoke(Method.java:498)
	at org.apache.maven.surefire.booter.ProviderFactory$ClassLoaderProxy.invoke(ProviderFactory.java:103)
	at com.sun.proxy.$Proxy0.invoke(Unknown Source)
	at org.apache.maven.surefire.booter.SurefireStarter.invokeProvider(SurefireStarter.java:150)
	at org.apache.maven.surefire.booter.SurefireStarter.runSuitesInProcess(SurefireStarter.java:91)
	at org.apache.maven.surefire.booter.ForkedBooter.main(ForkedBooter.java:69)

11:27:20.061 ERROR c.d.j.p.p.l.ShopTaskExceptionListenerImpl:28-java.lang.ClassCastException: $java.lang.Throwable$$EnhancerByCGLIB$$f07cb688 cannot be cast to java.lang.Exception
	at com.derbysoft.jtb.provider.processor.listener.ShopTaskExceptionListenerImpl.onException(ShopTaskExceptionListenerImpl.java:26)
	at com.derbysoft.jtb.provider.processor.listener.ShopTaskExceptionListenerImplTest.onException(ShopTaskExceptionListenerImplTest.java:25)
11:27:20.306  WARN c.d.j.p.p.t.DailyRateTranslator:39-cannot find RatePlanRoomType use key:GID_RoomPlanRoomType_W01,filed:ratePlan
11:27:20.389  WARN c.d.j.p.p.t.DailyRateTranslator:80-cannot find RoomPlan use key:GID_RoomPlan_W01,filed:ratePlan_roomCode
11:27:20.548  WARN c.d.j.p.p.t.PolicyTranslator:38-cannot find RoomPlanRoomType data use hotel[CHUW01],groupId[GID1],ratePlan[CHUHW0101TRP1DBL]
11:27:20.607 ERROR c.d.j.p.p.r.ChannelRepository:26-through groupId [GID] find channel failure
11:27:20.861 ERROR c.d.j.p.p.s.SaveToDstorageServiceImpl:44-java.lang.NullPointerException
	at com.derbysoft.jtb.provider.processor.service.SaveToDstorageServiceImpl.saveToDStorage(SaveToDstorageServiceImpl.java:38)
	at com.derbysoft.jtb.provider.processor.service.SaveToDstorageServiceImplTest.testSaveRoomStockToDStorageThrowException(SaveToDstorageServiceImplTest.java:61)
	at sun.reflect.NativeMethodAccessorImpl.invoke0(Native Method)
	at sun.reflect.NativeMethodAccessorImpl.invoke(NativeMethodAccessorImpl.java:62)
	at sun.reflect.DelegatingMethodAccessorImpl.invoke(DelegatingMethodAccessorImpl.java:43)
	at java.lang.reflect.Method.invoke(Method.java:498)
	at org.junit.runners.model.FrameworkMethod$1.runReflectiveCall(FrameworkMethod.java:50)
	at org.junit.internal.runners.model.ReflectiveCallable.run(ReflectiveCallable.java:12)
	at org.junit.runners.model.FrameworkMethod.invokeExplosively(FrameworkMethod.java:47)
	at org.junit.internal.runners.statements.InvokeMethod.evaluate(InvokeMethod.java:17)
	at org.junit.runners.ParentRunner.runLeaf(ParentRunner.java:325)
	at org.junit.runners.BlockJUnit4ClassRunner.runChild(BlockJUnit4ClassRunner.java:78)
	at org.junit.runners.BlockJUnit4ClassRunner.runChild(BlockJUnit4ClassRunner.java:57)
	at org.junit.runners.ParentRunner$3.run(ParentRunner.java:290)
	at org.junit.runners.ParentRunner$1.schedule(ParentRunner.java:71)
	at org.junit.runners.ParentRunner.runChildren(ParentRunner.java:288)
	at org.junit.runners.ParentRunner.access$000(ParentRunner.java:58)
	at org.junit.runners.ParentRunner$2.evaluate(ParentRunner.java:268)
	at org.junit.runners.ParentRunner.run(ParentRunner.java:363)
	at org.apache.maven.surefire.junit4.JUnit4TestSet.execute(JUnit4TestSet.java:53)
	at org.apache.maven.surefire.junit4.JUnit4Provider.executeTestSet(JUnit4Provider.java:119)
	at org.apache.maven.surefire.junit4.JUnit4Provider.invoke(JUnit4Provider.java:101)
	at sun.reflect.NativeMethodAccessorImpl.invoke0(Native Method)
	at sun.reflect.NativeMethodAccessorImpl.invoke(NativeMethodAccessorImpl.java:62)
	at sun.reflect.DelegatingMethodAccessorImpl.invoke(DelegatingMethodAccessorImpl.java:43)
	at java.lang.reflect.Method.invoke(Method.java:498)
	at org.apache.maven.surefire.booter.ProviderFactory$ClassLoaderProxy.invoke(ProviderFactory.java:103)
	at com.sun.proxy.$Proxy0.invoke(Unknown Source)
	at org.apache.maven.surefire.booter.SurefireStarter.invokeProvider(SurefireStarter.java:150)
	at org.apache.maven.surefire.booter.SurefireStarter.runSuitesInProcess(SurefireStarter.java:91)
	at org.apache.maven.surefire.booter.ForkedBooter.main(ForkedBooter.java:69)

12:13:22.244 ERROR c.d.j.p.p.l.ShopTaskExceptionListenerImpl:28-java.lang.ClassCastException: $java.lang.Throwable$$EnhancerByCGLIB$$f07cb688 cannot be cast to java.lang.Exception
	at com.derbysoft.jtb.provider.processor.listener.ShopTaskExceptionListenerImpl.onException(ShopTaskExceptionListenerImpl.java:26)
	at com.derbysoft.jtb.provider.processor.listener.ShopTaskExceptionListenerImplTest.onException(ShopTaskExceptionListenerImplTest.java:25)
12:13:22.498  WARN c.d.j.p.p.t.DailyRateTranslator:39-cannot find RatePlanRoomType use key:GID_RoomPlanRoomType_W01,filed:ratePlan
12:13:22.580  WARN c.d.j.p.p.t.DailyRateTranslator:80-cannot find RoomPlan use key:GID_RoomPlan_W01,filed:ratePlan_roomCode
12:13:22.730  WARN c.d.j.p.p.t.PolicyTranslator:38-cannot find RoomPlanRoomType data use hotel[CHUW01],groupId[GID1],ratePlan[CHUHW0101TRP1DBL]
12:13:22.790 ERROR c.d.j.p.p.r.ChannelRepository:26-through groupId [GID] find channel failure
12:13:23.055 ERROR c.d.j.p.p.s.SaveToDstorageServiceImpl:44-java.lang.NullPointerException
	at com.derbysoft.jtb.provider.processor.service.SaveToDstorageServiceImpl.saveToDStorage(SaveToDstorageServiceImpl.java:38)
	at com.derbysoft.jtb.provider.processor.service.SaveToDstorageServiceImplTest.testSaveRoomStockToDStorageThrowException(SaveToDstorageServiceImplTest.java:61)
	at sun.reflect.NativeMethodAccessorImpl.invoke0(Native Method)
	at sun.reflect.NativeMethodAccessorImpl.invoke(NativeMethodAccessorImpl.java:62)
	at sun.reflect.DelegatingMethodAccessorImpl.invoke(DelegatingMethodAccessorImpl.java:43)
	at java.lang.reflect.Method.invoke(Method.java:498)
	at org.junit.runners.model.FrameworkMethod$1.runReflectiveCall(FrameworkMethod.java:50)
	at org.junit.internal.runners.model.ReflectiveCallable.run(ReflectiveCallable.java:12)
	at org.junit.runners.model.FrameworkMethod.invokeExplosively(FrameworkMethod.java:47)
	at org.junit.internal.runners.statements.InvokeMethod.evaluate(InvokeMethod.java:17)
	at org.junit.runners.ParentRunner.runLeaf(ParentRunner.java:325)
	at org.junit.runners.BlockJUnit4ClassRunner.runChild(BlockJUnit4ClassRunner.java:78)
	at org.junit.runners.BlockJUnit4ClassRunner.runChild(BlockJUnit4ClassRunner.java:57)
	at org.junit.runners.ParentRunner$3.run(ParentRunner.java:290)
	at org.junit.runners.ParentRunner$1.schedule(ParentRunner.java:71)
	at org.junit.runners.ParentRunner.runChildren(ParentRunner.java:288)
	at org.junit.runners.ParentRunner.access$000(ParentRunner.java:58)
	at org.junit.runners.ParentRunner$2.evaluate(ParentRunner.java:268)
	at org.junit.runners.ParentRunner.run(ParentRunner.java:363)
	at org.apache.maven.surefire.junit4.JUnit4TestSet.execute(JUnit4TestSet.java:53)
	at org.apache.maven.surefire.junit4.JUnit4Provider.executeTestSet(JUnit4Provider.java:119)
	at org.apache.maven.surefire.junit4.JUnit4Provider.invoke(JUnit4Provider.java:101)
	at sun.reflect.NativeMethodAccessorImpl.invoke0(Native Method)
	at sun.reflect.NativeMethodAccessorImpl.invoke(NativeMethodAccessorImpl.java:62)
	at sun.reflect.DelegatingMethodAccessorImpl.invoke(DelegatingMethodAccessorImpl.java:43)
	at java.lang.reflect.Method.invoke(Method.java:498)
	at org.apache.maven.surefire.booter.ProviderFactory$ClassLoaderProxy.invoke(ProviderFactory.java:103)
	at com.sun.proxy.$Proxy0.invoke(Unknown Source)
	at org.apache.maven.surefire.booter.SurefireStarter.invokeProvider(SurefireStarter.java:150)
	at org.apache.maven.surefire.booter.SurefireStarter.runSuitesInProcess(SurefireStarter.java:91)
	at org.apache.maven.surefire.booter.ForkedBooter.main(ForkedBooter.java:69)

14:07:45.664 ERROR c.d.j.p.p.l.ShopTaskExceptionListenerImpl:28-java.lang.ClassCastException: $java.lang.Throwable$$EnhancerByCGLIB$$f07cb688 cannot be cast to java.lang.Exception
	at com.derbysoft.jtb.provider.processor.listener.ShopTaskExceptionListenerImpl.onException(ShopTaskExceptionListenerImpl.java:26)
	at com.derbysoft.jtb.provider.processor.listener.ShopTaskExceptionListenerImplTest.onException(ShopTaskExceptionListenerImplTest.java:25)
14:07:45.910  WARN c.d.j.p.p.t.DailyRateTranslator:39-cannot find RatePlanRoomType use key:GID_RoomPlanRoomType_W01,filed:ratePlan
14:07:45.994  WARN c.d.j.p.p.t.DailyRateTranslator:80-cannot find RoomPlan use key:GID_RoomPlan_W01,filed:ratePlan_roomCode
14:07:46.151  WARN c.d.j.p.p.t.PolicyTranslator:38-cannot find RoomPlanRoomType data use hotel[CHUW01],groupId[GID1],ratePlan[CHUHW0101TRP1DBL]
14:07:46.207 ERROR c.d.j.p.p.r.ChannelRepository:26-through groupId [GID] find channel failure
14:07:46.474 ERROR c.d.j.p.p.s.SaveToDstorageServiceImpl:44-java.lang.NullPointerException
	at com.derbysoft.jtb.provider.processor.service.SaveToDstorageServiceImpl.saveToDStorage(SaveToDstorageServiceImpl.java:38)
	at com.derbysoft.jtb.provider.processor.service.SaveToDstorageServiceImplTest.testSaveRoomStockToDStorageThrowException(SaveToDstorageServiceImplTest.java:61)
	at sun.reflect.NativeMethodAccessorImpl.invoke0(Native Method)
	at sun.reflect.NativeMethodAccessorImpl.invoke(NativeMethodAccessorImpl.java:62)
	at sun.reflect.DelegatingMethodAccessorImpl.invoke(DelegatingMethodAccessorImpl.java:43)
	at java.lang.reflect.Method.invoke(Method.java:498)
	at org.junit.runners.model.FrameworkMethod$1.runReflectiveCall(FrameworkMethod.java:50)
	at org.junit.internal.runners.model.ReflectiveCallable.run(ReflectiveCallable.java:12)
	at org.junit.runners.model.FrameworkMethod.invokeExplosively(FrameworkMethod.java:47)
	at org.junit.internal.runners.statements.InvokeMethod.evaluate(InvokeMethod.java:17)
	at org.junit.runners.ParentRunner.runLeaf(ParentRunner.java:325)
	at org.junit.runners.BlockJUnit4ClassRunner.runChild(BlockJUnit4ClassRunner.java:78)
	at org.junit.runners.BlockJUnit4ClassRunner.runChild(BlockJUnit4ClassRunner.java:57)
	at org.junit.runners.ParentRunner$3.run(ParentRunner.java:290)
	at org.junit.runners.ParentRunner$1.schedule(ParentRunner.java:71)
	at org.junit.runners.ParentRunner.runChildren(ParentRunner.java:288)
	at org.junit.runners.ParentRunner.access$000(ParentRunner.java:58)
	at org.junit.runners.ParentRunner$2.evaluate(ParentRunner.java:268)
	at org.junit.runners.ParentRunner.run(ParentRunner.java:363)
	at org.apache.maven.surefire.junit4.JUnit4TestSet.execute(JUnit4TestSet.java:53)
	at org.apache.maven.surefire.junit4.JUnit4Provider.executeTestSet(JUnit4Provider.java:119)
	at org.apache.maven.surefire.junit4.JUnit4Provider.invoke(JUnit4Provider.java:101)
	at sun.reflect.NativeMethodAccessorImpl.invoke0(Native Method)
	at sun.reflect.NativeMethodAccessorImpl.invoke(NativeMethodAccessorImpl.java:62)
	at sun.reflect.DelegatingMethodAccessorImpl.invoke(DelegatingMethodAccessorImpl.java:43)
	at java.lang.reflect.Method.invoke(Method.java:498)
	at org.apache.maven.surefire.booter.ProviderFactory$ClassLoaderProxy.invoke(ProviderFactory.java:103)
	at com.sun.proxy.$Proxy0.invoke(Unknown Source)
	at org.apache.maven.surefire.booter.SurefireStarter.invokeProvider(SurefireStarter.java:150)
	at org.apache.maven.surefire.booter.SurefireStarter.runSuitesInProcess(SurefireStarter.java:91)
	at org.apache.maven.surefire.booter.ForkedBooter.main(ForkedBooter.java:69)

